<?xml version="1.0" encoding="UTF-8"?>
<testng-results ignored="0" total="1" passed="1" failed="0" skipped="0">
  <reporter-output>
  </reporter-output>
  <suite started-at="2023-06-02T15:13:02 IST" name="Default suite" finished-at="2023-06-02T15:13:17 IST" duration-ms="14823">
    <groups>
    </groups>
    <test started-at="2023-06-02T15:13:02 IST" name="Default test" finished-at="2023-06-02T15:13:17 IST" duration-ms="14823">
      <class name="Demo.Myp1Test">
        <test-method signature="m1()[pri:0, instance:Demo.Myp1Test@f0da945]" started-at="2023-06-02T15:13:02 IST" name="m1" finished-at="2023-06-02T15:13:17 IST" duration-ms="14783" status="PASS">
          <reporter-output>
          </reporter-output>
        </test-method> <!-- m1 -->
      </class> <!-- Demo.Myp1Test -->
    </test> <!-- Default test -->
  </suite> <!-- Default suite -->
</testng-results>
